#
# A fatal error has been detected by the Java Runtime Environment:
#
#  EXCEPTION_ACCESS_VIOLATION (0xc0000005) at pc=0x000000007110b5db, pid=6384, tid=0x000000000000376c
#
# JRE version: Java(TM) SE Runtime Environment (8.0_261-b12) (build 1.8.0_261-b12)
# Java VM: Java HotSpot(TM) 64-Bit Server VM (25.261-b12 mixed mode windows-amd64 compressed oops)
# Problematic frame:
# C  [jSSC-2.8_x86_64.dll+0xb5db]
#
# Failed to write core dump. Minidumps are not enabled by default on client versions of Windows
#
# If you would like to submit a bug report, please visit:
#   http://bugreport.java.com/bugreport/crash.jsp
# The crash happened outside the Java Virtual Machine in native code.
# See problematic frame for where to report the bug.
#

---------------  T H R E A D  ---------------

Current thread (0x000001edc1826800):  JavaThread "AWT-EventQueue-0" [_thread_in_native, id=14188, stack(0x00000066f4e00000,0x00000066f4f00000)]

siginfo: ExceptionCode=0xc0000005, reading address 0xffffffffc32273fd

Registers:
RAX=0xffffffffc32273fd, RBX=0x00000066f4efc960, RCX=0x00007ff84f46cdf4, RDX=0x0000000000000000
RSP=0x00000066f4efc8f0, RBP=0x00000066f4efca70, RSI=0x000001edc18269f8, RDI=0x0000000000000754
R8 =0x00000066f4efc7e8, R9 =0x00000066f4efc8e0, R10=0x0000000000000000, R11=0x0000000000000246
R12=0x00000066f4efcb20, R13=0x000001edc19a6610, R14=0x00000066f4efca20, R15=0x000001edc1826800
RIP=0x000000007110b5db, EFLAGS=0x0000000000010202

Top of Stack: (sp=0x00000066f4efc8f0)
0x00000066f4efc8f0:   000001edc1b7bfe0 000001edc19a6240
0x00000066f4efc900:   000000007110b230 000001edaa550000
0x00000066f4efc910:   000001edaa330000 0000000000000004
0x00000066f4efc920:   000001edc18269f8 0000000000000754
0x00000066f4efc930:   00000066f4efca70 0000000071112590
0x00000066f4efc940:   000001edc1826800 00000066f4efca20
0x00000066f4efc950:   000001edc19a6610 00000066f4efcb20
0x00000066f4efc960:   000001edc19a6610 00007ff84f3f47b1
0x00000066f4efc970:   00000066f4efc9a0 000001edaa550000
0x00000066f4efc980:   00000066f4efca70 0000000000000000
0x00000066f4efc990:   0000000071113500 0000000071113be8
0x00000066f4efc9a0:   00000066f4efc9d0 0000000071112641
0x00000066f4efc9b0:   00000066f4efc940 000001edc18269f8
0x00000066f4efc9c0:   0000000000000000 0000000000000000
0x00000066f4efc9d0:   00000066f4efca70 0000000071101595
0x00000066f4efc9e0:   000000000000001c 000001ed00000000 

Instructions: (pc=0x000000007110b5db)
0x000000007110b5bb:   c5 0f 1f 40 00 55 57 56 53 48 83 ec 28 48 8b 05
0x000000007110b5cb:   39 33 01 00 48 89 cb 48 85 c0 0f 84 c5 00 00 00
0x000000007110b5db:   8b 38 85 ff 0f 88 ab 00 00 00 48 8b 05 1c 33 01
0x000000007110b5eb:   00 48 85 c0 0f 84 bc 00 00 00 8b 30 85 f6 74 57 


Register to memory mapping:

RAX=0xffffffffc32273fd is an unknown value
RBX=0x00000066f4efc960 is pointing into the stack for thread: 0x000001edc1826800
RCX=0x00007ff84f46cdf4 is an unknown value
RDX=0x0000000000000000 is an unknown value
RSP=0x00000066f4efc8f0 is pointing into the stack for thread: 0x000001edc1826800
RBP=0x00000066f4efca70 is pointing into the stack for thread: 0x000001edc1826800
RSI=0x000001edc18269f8 is an unknown value
RDI=0x0000000000000754 is an unknown value
R8 =0x00000066f4efc7e8 is pointing into the stack for thread: 0x000001edc1826800
R9 =0x00000066f4efc8e0 is pointing into the stack for thread: 0x000001edc1826800
R10=0x0000000000000000 is an unknown value
R11=0x0000000000000246 is an unknown value
R12=0x00000066f4efcb20 is pointing into the stack for thread: 0x000001edc1826800
R13=0x000001edc19a6610 is an unknown value
R14=0x00000066f4efca20 is pointing into the stack for thread: 0x000001edc1826800
R15=0x000001edc1826800 is a thread


Stack: [0x00000066f4e00000,0x00000066f4f00000],  sp=0x00000066f4efc8f0,  free space=1010k
Native frames: (J=compiled Java code, j=interpreted, Vv=VM code, C=native code)
C  [jSSC-2.8_x86_64.dll+0xb5db]
C  [jSSC-2.8_x86_64.dll+0x12590]
C  [jSSC-2.8_x86_64.dll+0x1595]
C  0x000001edabe7990e

Java frames: (J=compiled Java code, j=interpreted, Vv=VM code)
j  jssc.SerialNativeInterface.openPort(Ljava/lang/String;Z)J+0
j  jssc.SerialPort.openPort()Z+65
j  com.panamahitek.PanamaHitek_Arduino.arduinoRXTX(Ljava/lang/String;ILjssc/SerialPortEventListener;)V+58
j  Vista.MonitoreoCentral.<init>()V+444
j  Vista.home.MonitoreoCentralMousePressed(Ljava/awt/event/MouseEvent;)V+4
j  Vista.home.access$1300(LVista/home;Ljava/awt/event/MouseEvent;)V+2
j  Vista.home$9.mousePressed(Ljava/awt/event/MouseEvent;)V+5
j  java.awt.AWTEventMulticaster.mousePressed(Ljava/awt/event/MouseEvent;)V+21
j  java.awt.Component.processMouseEvent(Ljava/awt/event/MouseEvent;)V+54
j  javax.swing.JComponent.processMouseEvent(Ljava/awt/event/MouseEvent;)V+23
j  java.awt.Component.processEvent(Ljava/awt/AWTEvent;)V+81
j  java.awt.Container.processEvent(Ljava/awt/AWTEvent;)V+18
j  java.awt.Component.dispatchEventImpl(Ljava/awt/AWTEvent;)V+589
J 1306 C1 java.awt.Container.dispatchEventImpl(Ljava/awt/AWTEvent;)V (129 bytes) @ 0x000001edac2673c4 [0x000001edac267280+0x144]
J 1305 C1 java.awt.Component.dispatchEvent(Ljava/awt/AWTEvent;)V (6 bytes) @ 0x000001edac260904 [0x000001edac260800+0x104]
j  java.awt.LightweightDispatcher.retargetMouseEvent(Ljava/awt/Component;ILjava/awt/event/MouseEvent;)V+349
j  java.awt.LightweightDispatcher.processMouseEvent(Ljava/awt/event/MouseEvent;)Z+144
j  java.awt.LightweightDispatcher.dispatchEvent(Ljava/awt/AWTEvent;)Z+50
J 1306 C1 java.awt.Container.dispatchEventImpl(Ljava/awt/AWTEvent;)V (129 bytes) @ 0x000001edac267364 [0x000001edac267280+0xe4]
j  java.awt.Window.dispatchEventImpl(Ljava/awt/AWTEvent;)V+19
J 1317 C1 java.awt.EventQueue.dispatchEventImpl(Ljava/awt/AWTEvent;Ljava/lang/Object;)V (149 bytes) @ 0x000001edac27073c [0x000001edac26ef00+0x183c]
J 1316 C1 java.awt.EventQueue$3.run()Ljava/lang/Void; (60 bytes) @ 0x000001edac26e6cc [0x000001edac26e4c0+0x20c]
J 1265 C1 java.awt.EventQueue$3.run()Ljava/lang/Object; (5 bytes) @ 0x000001edac2520cc [0x000001edac252040+0x8c]
v  ~StubRoutines::call_stub
J 488  java.security.AccessController.doPrivileged(Ljava/security/PrivilegedAction;Ljava/security/AccessControlContext;)Ljava/lang/Object; (0 bytes) @ 0x000001edac089fe6 [0x000001edac089f80+0x66]
J 872 C1 java.security.ProtectionDomain$JavaSecurityAccessImpl.doIntersectionPrivilege(Ljava/security/PrivilegedAction;Ljava/security/AccessControlContext;Ljava/security/AccessControlContext;)Ljava/lang/Object; (22 bytes) @ 0x000001edac162aac [0x000001edac162640+0x46c]
j  java.security.ProtectionDomain$JavaSecurityAccessImpl.doIntersectionPrivilege(Ljava/security/PrivilegedAction;Ljava/security/AccessControlContext;)Ljava/lang/Object;+6
j  java.awt.EventQueue$4.run()Ljava/lang/Void;+11
j  java.awt.EventQueue$4.run()Ljava/lang/Object;+1
v  ~StubRoutines::call_stub
J 488  java.security.AccessController.doPrivileged(Ljava/security/PrivilegedAction;Ljava/security/AccessControlContext;)Ljava/lang/Object; (0 bytes) @ 0x000001edac089fe6 [0x000001edac089f80+0x66]
J 1264 C1 java.awt.EventQueue.dispatchEvent(Ljava/awt/AWTEvent;)V (80 bytes) @ 0x000001edac250ffc [0x000001edac250180+0xe7c]
J 1319 C1 java.awt.EventDispatchThread.pumpOneEventForFilters(I)V (190 bytes) @ 0x000001edac272fcc [0x000001edac271e80+0x114c]
j  java.awt.EventDispatchThread.pumpEventsForFilter(ILjava/awt/Conditional;Ljava/awt/EventFilter;)V+35
j  java.awt.EventDispatchThread.pumpEventsForHierarchy(ILjava/awt/Conditional;Ljava/awt/Component;)V+11
j  java.awt.EventDispatchThread.pumpEvents(ILjava/awt/Conditional;)V+4
j  java.awt.EventDispatchThread.pumpEvents(Ljava/awt/Conditional;)V+3
j  java.awt.EventDispatchThread.run()V+9
v  ~StubRoutines::call_stub

---------------  P R O C E S S  ---------------

Java Threads: ( => current thread )
  0x000001edc1461000 JavaThread "Image Fetcher 1" daemon [_thread_blocked, id=12664, stack(0x00000066f5500000,0x00000066f5600000)]
  0x000001edc1bac000 JavaThread "Image Fetcher 0" daemon [_thread_blocked, id=7336, stack(0x00000066f5400000,0x00000066f5500000)]
  0x000001edc19a6800 JavaThread "TimerQueue" daemon [_thread_blocked, id=11792, stack(0x00000066f5300000,0x00000066f5400000)]
  0x000001edaa586800 JavaThread "DestroyJavaVM" [_thread_blocked, id=14108, stack(0x00000066f3f00000,0x00000066f4000000)]
=>0x000001edc1826800 JavaThread "AWT-EventQueue-0" [_thread_in_native, id=14188, stack(0x00000066f4e00000,0x00000066f4f00000)]
  0x000001edc17ba800 JavaThread "AWT-Windows" daemon [_thread_in_native, id=11504, stack(0x00000066f4d00000,0x00000066f4e00000)]
  0x000001edc17b5800 JavaThread "AWT-Shutdown" [_thread_blocked, id=3860, stack(0x00000066f4c00000,0x00000066f4d00000)]
  0x000001edc17b4800 JavaThread "Java2D Disposer" daemon [_thread_blocked, id=13136, stack(0x00000066f4b00000,0x00000066f4c00000)]
  0x000001edc0a38000 JavaThread "Service Thread" daemon [_thread_blocked, id=7048, stack(0x00000066f4900000,0x00000066f4a00000)]
  0x000001edc09df000 JavaThread "C1 CompilerThread1" daemon [_thread_blocked, id=8392, stack(0x00000066f4800000,0x00000066f4900000)]
  0x000001edc09d9000 JavaThread "C2 CompilerThread0" daemon [_thread_blocked, id=6896, stack(0x00000066f4700000,0x00000066f4800000)]
  0x000001edc09d7000 JavaThread "Attach Listener" daemon [_thread_blocked, id=12196, stack(0x00000066f4600000,0x00000066f4700000)]
  0x000001edc09d4000 JavaThread "Signal Dispatcher" daemon [_thread_blocked, id=8288, stack(0x00000066f4500000,0x00000066f4600000)]
  0x000001edc04e9800 JavaThread "Finalizer" daemon [_thread_blocked, id=13068, stack(0x00000066f4400000,0x00000066f4500000)]
  0x000001edc09b4000 JavaThread "Reference Handler" daemon [_thread_blocked, id=5924, stack(0x00000066f4300000,0x00000066f4400000)]

Other Threads:
  0x000001edc0992000 VMThread [stack: 0x00000066f4200000,0x00000066f4300000] [id=10324]
  0x000001edc0a3b000 WatcherThread [stack: 0x00000066f4a00000,0x00000066f4b00000] [id=10312]

VM state:not at safepoint (normal execution)

VM Mutex/Monitor currently owned by a thread: None

heap address: 0x0000000081c00000, size: 2020 MB, Compressed Oops mode: 32-bit
Narrow klass base: 0x0000000000000000, Narrow klass shift: 3
Compressed class space size: 1073741824 Address: 0x0000000100000000

Heap:
 PSYoungGen      total 38400K, used 33280K [0x00000000d5f00000, 0x00000000d8980000, 0x0000000100000000)
  eden space 33280K, 100% used [0x00000000d5f00000,0x00000000d7f80000,0x00000000d7f80000)
  from space 5120K, 0% used [0x00000000d8480000,0x00000000d8480000,0x00000000d8980000)
  to   space 5120K, 0% used [0x00000000d7f80000,0x00000000d7f80000,0x00000000d8480000)
 ParOldGen       total 87552K, used 0K [0x0000000081c00000, 0x0000000087180000, 0x00000000d5f00000)
  object space 87552K, 0% used [0x0000000081c00000,0x0000000081c00000,0x0000000087180000)
 Metaspace       used 17549K, capacity 17774K, committed 18176K, reserved 1064960K
  class space    used 2148K, capacity 2227K, committed 2304K, reserved 1048576K

Card table byte_map: [0x000001edbb220000,0x000001edbb620000] byte_map_base: 0x000001edbae12000

Marking Bits: (ParMarkBitMap*) 0x000000006aad4fb0
 Begin Bits: [0x000001edbb8d0000, 0x000001edbd860000)
 End Bits:   [0x000001edbd860000, 0x000001edbf7f0000)

Polling page: 0x000001edaa4d0000

CodeCache: size=245760Kb used=4546Kb max_used=4546Kb free=241213Kb
 bounds [0x000001edabe60000, 0x000001edac2e0000, 0x000001edbae60000]
 total_blobs=1978 nmethods=1430 adapters=461
 compilation: enabled

Compilation events (10 events):
Event: 15.520 Thread 0x000001edc09df000 1426       3       java.lang.Boolean::equals (29 bytes)
Event: 15.520 Thread 0x000001edc09df000 nmethod 1426 0x000001edac2c2510 code [0x000001edac2c2680, 0x000001edac2c2af8]
Event: 15.521 Thread 0x000001edc09df000 1427       3       java.util.ArrayDeque::pollFirst (42 bytes)
Event: 15.521 Thread 0x000001edc09df000 nmethod 1427 0x000001edac2c1f10 code [0x000001edac2c2080, 0x000001edac2c23b8]
Event: 15.525 Thread 0x000001edc09df000 1428       3       java.nio.charset.CharsetDecoder::maxCharsPerByte (5 bytes)
Event: 15.525 Thread 0x000001edc09df000 nmethod 1428 0x000001edac2c1bd0 code [0x000001edac2c1d20, 0x000001edac2c1e78]
Event: 15.525 Thread 0x000001edc09df000 1429       3       java.util.ArrayDeque::add (7 bytes)
Event: 15.526 Thread 0x000001edc09df000 nmethod 1429 0x000001edac2c1810 code [0x000001edac2c1980, 0x000001edac2c1b30]
Event: 15.526 Thread 0x000001edc09df000 1430       3       java.util.ArrayDeque::addLast (53 bytes)
Event: 15.526 Thread 0x000001edc09df000 nmethod 1430 0x000001edac2c10d0 code [0x000001edac2c1260, 0x000001edac2c1680]

GC Heap History (0 events):
No events

Deoptimization events (9 events):
Event: 1.644 Thread 0x000001edc1853800 Uncommon trap: reason=unstable_if action=reinterpret pc=0x000001edac071574 method=java.lang.String.<init>([CII)V @ 18
Event: 1.777 Thread 0x000001edc17ba800 Uncommon trap: reason=unstable_if action=reinterpret pc=0x000001edac080c38 method=java.util.HashMap.putVal(ILjava/lang/Object;Ljava/lang/Object;ZZ)Ljava/lang/Object; @ 206
Event: 3.588 Thread 0x000001edc1826800 Uncommon trap: reason=unstable_if action=reinterpret pc=0x000001edac0d3550 method=java.awt.MultipleGradientPaintContext.indexIntoGradientsArrays(F)I @ 13
Event: 5.375 Thread 0x000001edc1826800 Uncommon trap: reason=class_check action=maybe_recompile pc=0x000001edabfeea20 method=java.lang.String.equals(Ljava/lang/Object;)Z @ 8
Event: 5.376 Thread 0x000001edc1826800 Uncommon trap: reason=class_check action=maybe_recompile pc=0x000001edabfeea20 method=java.lang.String.equals(Ljava/lang/Object;)Z @ 8
Event: 5.441 Thread 0x000001edc1826800 Uncommon trap: reason=class_check action=maybe_recompile pc=0x000001edabfeea20 method=java.lang.String.equals(Ljava/lang/Object;)Z @ 8
Event: 5.441 Thread 0x000001edc1826800 Uncommon trap: reason=class_check action=maybe_recompile pc=0x000001edabfeea20 method=java.lang.String.equals(Ljava/lang/Object;)Z @ 8
Event: 9.534 Thread 0x000001edc1826800 Uncommon trap: reason=unstable_if action=reinterpret pc=0x000001edac117fb0 method=java.lang.String.indexOf([CII[CIII)I @ 3
Event: 14.610 Thread 0x000001edc1826800 Uncommon trap: reason=unstable_if action=reinterpret pc=0x000001edac18b9ec method=sun.nio.cs.UTF_8$Encoder.encode([CII[B)I @ 33

Classes redefined (0 events):
No events

Internal exceptions (10 events):
Event: 1.186 Thread 0x000001edaa586800 Exception <a 'java/lang/ClassNotFoundException': ToolBar> (0x00000000d63b5328) thrown at [C:\jenkins\workspace\8-2-build-windows-amd64-cygwin\jdk8u261\295\hotspot\src\share\vm\classfile\systemDictionary.cpp, line 210]
Event: 1.187 Thread 0x000001edaa586800 Exception <a 'java/lang/ClassNotFoundException': ToggleButton> (0x00000000d63b58d8) thrown at [C:\jenkins\workspace\8-2-build-windows-amd64-cygwin\jdk8u261\295\hotspot\src\share\vm\classfile\systemDictionary.cpp, line 210]
Event: 1.187 Thread 0x000001edaa586800 Exception <a 'java/lang/ClassNotFoundException': javax/swing/JToolBarSeparator> (0x00000000d63b5d38) thrown at [C:\jenkins\workspace\8-2-build-windows-amd64-cygwin\jdk8u261\295\hotspot\src\share\vm\classfile\systemDictionary.cpp, line 210]
Event: 1.187 Thread 0x000001edaa586800 Exception <a 'java/lang/ClassNotFoundException': ToolBarSeparator> (0x00000000d63b61d0) thrown at [C:\jenkins\workspace\8-2-build-windows-amd64-cygwin\jdk8u261\295\hotspot\src\share\vm\classfile\systemDictionary.cpp, line 210]
Event: 1.188 Thread 0x000001edaa586800 Exception <a 'java/lang/ClassNotFoundException': ToolTip> (0x00000000d63b6910) thrown at [C:\jenkins\workspace\8-2-build-windows-amd64-cygwin\jdk8u261\295\hotspot\src\share\vm\classfile\systemDictionary.cpp, line 210]
Event: 1.191 Thread 0x000001edaa586800 Exception <a 'java/lang/ClassNotFoundException': Tree> (0x00000000d63b7530) thrown at [C:\jenkins\workspace\8-2-build-windows-amd64-cygwin\jdk8u261\295\hotspot\src\share\vm\classfile\systemDictionary.cpp, line 210]
Event: 1.192 Thread 0x000001edaa586800 Exception <a 'java/lang/ClassNotFoundException': Tree> (0x00000000d63b7c70) thrown at [C:\jenkins\workspace\8-2-build-windows-amd64-cygwin\jdk8u261\295\hotspot\src\share\vm\classfile\systemDictionary.cpp, line 210]
Event: 1.192 Thread 0x000001edaa586800 Exception <a 'java/lang/ClassNotFoundException': javax/swing/JTreeCell> (0x00000000d63b7ff0) thrown at [C:\jenkins\workspace\8-2-build-windows-amd64-cygwin\jdk8u261\295\hotspot\src\share\vm\classfile\systemDictionary.cpp, line 210]
Event: 1.192 Thread 0x000001edaa586800 Exception <a 'java/lang/ClassNotFoundException': TreeCell> (0x00000000d63b8478) thrown at [C:\jenkins\workspace\8-2-build-windows-amd64-cygwin\jdk8u261\295\hotspot\src\share\vm\classfile\systemDictionary.cpp, line 210]
Event: 1.194 Thread 0x000001edaa586800 Exception <a 'java/lang/ClassNotFoundException': RootPane> (0x00000000d63b8ed8) thrown at [C:\jenkins\workspace\8-2-build-windows-amd64-cygwin\jdk8u261\295\hotspot\src\share\vm\classfile\systemDictionary.cpp, line 210]

Events (10 events):
Event: 15.520 loading class jssc/SerialPort
Event: 15.520 loading class jssc/SerialPort done
Event: 15.524 loading class jssc/SerialPortTimeoutException
Event: 15.524 loading class jssc/SerialPortTimeoutException done
Event: 15.525 loading class jssc/SerialPort$EventThread
Event: 15.525 loading class jssc/SerialPort$EventThread done
Event: 15.526 loading class jssc/SerialPort$LinuxEventThread
Event: 15.526 loading class jssc/SerialPort$LinuxEventThread done
Event: 15.527 loading class jssc/SerialNativeInterface
Event: 15.527 loading class jssc/SerialNativeInterface done


Dynamic libraries:
0x00007ff7cbe80000 - 0x00007ff7cbec7000 	C:\Program Files\Java\jdk1.8.0_261\bin\java.exe
0x00007ff84f3d0000 - 0x00007ff84f5c5000 	C:\WINDOWS\SYSTEM32\ntdll.dll
0x00007ff84ea90000 - 0x00007ff84eb4d000 	C:\WINDOWS\System32\KERNEL32.DLL
0x00007ff84ce80000 - 0x00007ff84d149000 	C:\WINDOWS\System32\KERNELBASE.dll
0x00007ff84e1d0000 - 0x00007ff84e27c000 	C:\WINDOWS\System32\ADVAPI32.dll
0x00007ff84f020000 - 0x00007ff84f0be000 	C:\WINDOWS\System32\msvcrt.dll
0x00007ff84d4e0000 - 0x00007ff84d57c000 	C:\WINDOWS\System32\sechost.dll
0x00007ff84e0a0000 - 0x00007ff84e1cb000 	C:\WINDOWS\System32\RPCRT4.dll
0x00007ff84df00000 - 0x00007ff84e0a0000 	C:\WINDOWS\System32\USER32.dll
0x00007ff84cb70000 - 0x00007ff84cb92000 	C:\WINDOWS\System32\win32u.dll
0x00007ff84d580000 - 0x00007ff84d5aa000 	C:\WINDOWS\System32\GDI32.dll
0x00007ff84ccf0000 - 0x00007ff84cdfb000 	C:\WINDOWS\System32\gdi32full.dll
0x00007ff84cc50000 - 0x00007ff84cced000 	C:\WINDOWS\System32\msvcp_win.dll
0x00007ff84d150000 - 0x00007ff84d250000 	C:\WINDOWS\System32\ucrtbase.dll
0x00007ff8270d0000 - 0x00007ff82736a000 	C:\WINDOWS\WinSxS\amd64_microsoft.windows.common-controls_6595b64144ccf1df_6.0.19041.844_none_ca00b6081b84eb1d\COMCTL32.dll
0x00007ff84e3a0000 - 0x00007ff84e3d0000 	C:\WINDOWS\System32\IMM32.DLL
0x00007ff849840000 - 0x00007ff849855000 	C:\Program Files\Java\jdk1.8.0_261\jre\bin\vcruntime140.dll
0x00007ff834de0000 - 0x00007ff834e7b000 	C:\Program Files\Java\jdk1.8.0_261\jre\bin\msvcp140.dll
0x000000006a2e0000 - 0x000000006ab4c000 	C:\Program Files\Java\jdk1.8.0_261\jre\bin\server\jvm.dll
0x00007ff84f130000 - 0x00007ff84f138000 	C:\WINDOWS\System32\PSAPI.DLL
0x00007ff8394c0000 - 0x00007ff8394c9000 	C:\WINDOWS\SYSTEM32\WSOCK32.dll
0x00007ff84f0c0000 - 0x00007ff84f12b000 	C:\WINDOWS\System32\WS2_32.dll
0x00007ff84a230000 - 0x00007ff84a257000 	C:\WINDOWS\SYSTEM32\WINMM.dll
0x00007ff83e0f0000 - 0x00007ff83e0fa000 	C:\WINDOWS\SYSTEM32\VERSION.dll
0x00007ff84ab00000 - 0x00007ff84ab12000 	C:\WINDOWS\SYSTEM32\kernel.appcore.dll
0x00007ff84a480000 - 0x00007ff84a490000 	C:\Program Files\Java\jdk1.8.0_261\jre\bin\verify.dll
0x00007ff838e80000 - 0x00007ff838eab000 	C:\Program Files\Java\jdk1.8.0_261\jre\bin\java.dll
0x00007ff844a80000 - 0x00007ff844a98000 	C:\Program Files\Java\jdk1.8.0_261\jre\bin\zip.dll
0x00007ff84d5b0000 - 0x00007ff84dcf2000 	C:\WINDOWS\System32\SHELL32.dll
0x00007ff84ac70000 - 0x00007ff84b400000 	C:\WINDOWS\SYSTEM32\windows.storage.dll
0x00007ff84e730000 - 0x00007ff84ea85000 	C:\WINDOWS\System32\combase.dll
0x00007ff84c4b0000 - 0x00007ff84c4dc000 	C:\WINDOWS\SYSTEM32\Wldp.dll
0x00007ff84d430000 - 0x00007ff84d4de000 	C:\WINDOWS\System32\SHCORE.dll
0x00007ff84f250000 - 0x00007ff84f2a5000 	C:\WINDOWS\System32\shlwapi.dll
0x00007ff84ca50000 - 0x00007ff84ca6f000 	C:\WINDOWS\SYSTEM32\profapi.dll
0x00007ff824400000 - 0x00007ff824594000 	C:\Program Files\Java\jdk1.8.0_261\jre\bin\awt.dll
0x00007ff84e3d0000 - 0x00007ff84e49d000 	C:\WINDOWS\System32\OLEAUT32.dll
0x00007ff84a3e0000 - 0x00007ff84a470000 	C:\WINDOWS\SYSTEM32\apphelp.dll
0x00007ff84a530000 - 0x00007ff84a5ce000 	C:\WINDOWS\system32\uxtheme.dll
0x00007ff84e280000 - 0x00007ff84e395000 	C:\WINDOWS\System32\MSCTF.dll
0x00007ff84dd00000 - 0x00007ff84de2a000 	C:\WINDOWS\System32\ole32.dll
0x00007ff84ce00000 - 0x00007ff84ce80000 	C:\WINDOWS\System32\bcryptPrimitives.dll
0x00007ff84a670000 - 0x00007ff84a69f000 	C:\WINDOWS\system32\DWMAPI.DLL
0x00007ff834be0000 - 0x00007ff834c29000 	C:\Program Files\Java\jdk1.8.0_261\jre\bin\fontmanager.dll
0x00007ff83e510000 - 0x00007ff83e636000 	C:\WINDOWS\system32\opengl32.dll
0x00007ff845710000 - 0x00007ff84573c000 	C:\WINDOWS\SYSTEM32\GLU32.dll
0x00007ff8373f0000 - 0x00007ff837422000 	C:\Program Files\Java\jdk1.8.0_261\jre\bin\jpeg.dll
0x00007ff84f140000 - 0x00007ff84f1e9000 	C:\WINDOWS\System32\clbcatq.dll
0x00007ff847820000 - 0x00007ff8479d4000 	C:\WINDOWS\SYSTEM32\WindowsCodecs.dll
0x00007ff84d250000 - 0x00007ff84d277000 	C:\WINDOWS\System32\bcrypt.dll
0x00007ff844730000 - 0x00007ff84476e000 	C:\WINDOWS\system32\dataexchange.dll
0x00007ff848e70000 - 0x00007ff849057000 	C:\WINDOWS\system32\dcomp.dll
0x00007ff847a10000 - 0x00007ff847c74000 	C:\WINDOWS\system32\d3d11.dll
0x00007ff84b460000 - 0x00007ff84b553000 	C:\WINDOWS\system32\dxgi.dll
0x00007ff847560000 - 0x00007ff847761000 	C:\WINDOWS\system32\twinapi.appcore.dll
0x00007ff841ee0000 - 0x00007ff841efc000 	C:\Program Files\Java\jdk1.8.0_261\jre\bin\net.dll
0x00007ff84c230000 - 0x00007ff84c29a000 	C:\WINDOWS\system32\mswsock.dll
0x00007ff83fb20000 - 0x00007ff83fb33000 	C:\Program Files\Java\jdk1.8.0_261\jre\bin\nio.dll
0x00007ff834b90000 - 0x00007ff834bd3000 	C:\Program Files\Java\jdk1.8.0_261\jre\bin\t2k.dll
0x00007ff843480000 - 0x00007ff84357b000 	C:\WINDOWS\SYSTEM32\textinputframework.dll
0x00007ff849bb0000 - 0x00007ff849f0e000 	C:\WINDOWS\System32\CoreUIComponents.dll
0x00007ff84a0d0000 - 0x00007ff84a1c2000 	C:\WINDOWS\System32\CoreMessaging.dll
0x00007ff8493e0000 - 0x00007ff849534000 	C:\WINDOWS\SYSTEM32\wintypes.dll
0x00007ff84b860000 - 0x00007ff84b893000 	C:\WINDOWS\SYSTEM32\ntmarta.dll
0x00007ff834b60000 - 0x00007ff834b8a000 	C:\Program Files\Java\jdk1.8.0_261\jre\bin\dcpr.dll
0x00007ff84bf60000 - 0x00007ff84c02b000 	C:\WINDOWS\SYSTEM32\DNSAPI.dll
0x00007ff84bf20000 - 0x00007ff84bf5b000 	C:\WINDOWS\SYSTEM32\IPHLPAPI.DLL
0x00007ff84ded0000 - 0x00007ff84ded8000 	C:\WINDOWS\System32\NSI.dll
0x00007ff83c630000 - 0x00007ff83c63a000 	C:\Windows\System32\rasadhlp.dll
0x00007ff83cfe0000 - 0x00007ff83d05f000 	C:\WINDOWS\System32\fwpuclnt.dll
0x00007ff849af0000 - 0x00007ff849afd000 	C:\Program Files\Java\jdk1.8.0_261\jre\bin\management.dll
0x0000000071100000 - 0x0000000071125000 	C:\Users\guido ruiz\.jssc\windows\jSSC-2.8_x86_64.dll
0x00007ff83a510000 - 0x00007ff83a6f4000 	C:\WINDOWS\SYSTEM32\dbghelp.dll

VM Arguments:
jvm_args: -Dfile.encoding=UTF-8 
java_command: Vista.login
java_class_path (initial): C:\Program Files\NetBeans-12.0\netbeans\ide\modules\ext\postgresql-42.2.10.jar;C:\Users\guido ruiz\Documents\NetBeansProjects\Tesis\MonitoreoTesis\src\Librerias\barbecue-1.5-beta1.jar;C:\Users\guido ruiz\Documents\NetBeansProjects\Tesis\MonitoreoTesis\src\Librerias\barcode4j-2.1.jar;C:\Users\guido ruiz\Documents\NetBeansProjects\Tesis\MonitoreoTesis\src\Librerias\commons-beanutils-1.8.2.jar;C:\Users\guido ruiz\Documents\NetBeansProjects\Tesis\MonitoreoTesis\src\Librerias\commons-collections-3.2.1.jar;C:\Users\guido ruiz\Documents\NetBeansProjects\Tesis\MonitoreoTesis\src\Librerias\commons-digester-2.1.jar;C:\Users\guido ruiz\Documents\NetBeansProjects\Tesis\MonitoreoTesis\src\Librerias\commons-javaflow-20060411.jar;C:\Users\guido ruiz\Documents\NetBeansProjects\Tesis\MonitoreoTesis\src\Librerias\commons-logging-1.1.jar;C:\Users\guido ruiz\Documents\NetBeansProjects\Tesis\MonitoreoTesis\src\Librerias\commons-net-3.3.jar;C:\Users\guido ruiz\Documents\NetBeansProjects\Tesis\MonitoreoTesis\src\Librerias\groovy-all-2.0.1.jar;C:\Users\guido ruiz\Documents\NetBeansProjects\Tesis\MonitoreoTesis\src\Librerias\iText-2.1.7.js2.jar;C:\Users\guido ruiz\Documents\NetBeansProjects\Tesis\MonitoreoTesis\src\Librerias\jasperreports-5.6.0.jar;C:\Users\guido ruiz\Documents\NetBeansProjects\Tesis\MonitoreoTesis\src\Librerias\poi-3.7-20101029.jar;C:\Users\guido ruiz\Documents\NetBeansProjects\Tesis\MonitoreoTesis\src\Librerias\postgresql-9.1-901.jdbc4.jar;C:\Users\guido ruiz\Documents\NetBeansProjects\Tesis\MonitoreoTesis\src\Librerias\jfreechart-1.0.12.jar;C:\Users\guido ruiz\Documents\NetBeansProjects\Tesis\MonitoreoTesis\src\Librerias\jcommon-1.0.23.jar;C:\Users\guido ruiz\Downloads\uml\javamail-1.4.5\mail.jar;C:\Users\guido ruiz\Downloads\uml\activation-1.1.1.jar;C:\Users\guido ruiz\Downloads\rar\nuevo\twilio-8.3.0.jar;C:\Users\guido ruiz\Downloads\rar\nuevo\commons-codec-1.15.jar;C:\Users\guido ruiz\Downloads\rar\nuevo\commons-io-2.7.jar;C:\Users\guido r
Launcher Type: SUN_STANDARD

Environment Variables:
JAVA_HOME=C:\Program Files\OpenJDK\openjdk-8u272-b10
PATH=E:\Oracle2021\dbhomeXE\bin;C:\WINDOWS.X64_193000_db_home\bin;C:\Program Files (x86)\Common Files\Oracle\Java\javapath;C:\WINDOWS\system32;C:\WINDOWS;C:\WINDOWS\System32\Wbem;C:\WINDOWS\System32\WindowsPowerShell\v1.0\;C:\WINDOWS\System32\OpenSSH\;C:\Program Files\nodejs\node_modules\npm;C:\ProgramData\chocolatey\bin;C:\tools\php74;C:\Program Files\MySQL\MySQL Server 5.7\bin;C:\Program Files\nodejs\;C:\ProgramData\ComposerSetup\bin;C:\Users\guido ruiz\AppData\Roaming\Composer\vendor\bin;C:\Program Files\Microsoft SQL Server\Client SDK\ODBC\170\Tools\Binn\;C:\Program Files (x86)\Microsoft SQL Server\150\Tools\Binn\;C:\Program Files\Microsoft SQL Server\150\Tools\Binn\;C:\Program Files\Microsoft SQL Server\150\DTS\Binn\;C:\Program Files (x86)\Microsoft SQL Server\150\DTS\Binn\;C:\Program Files\OpenJDK\openjdk-8u272-b10\bin;C:\Users\guido ruiz\AppData\Local\Android\Sdk\platform-tools;C:\Program Files (x86)\Yarn\bin\;C:\Program Files\Git\cmd;C:\Program Files\MySQL\MySQL Shell 8.0\bin\;C:\Users\guido ruiz\AppData\Local\Microsoft\WindowsApps;C:\Users\guido ruiz\AppData\Local\Programs\Microsoft VS Code\bin;C:\src\flutter\bin;C:\Program Files\nodejs\node_modules\npm;C:\Users\guido ruiz\AppData\Roaming\npm;C:\Users\guido ruiz\AppData\Roaming\Composer\vendor\bin;C:\Users\guido ruiz\AppData\Local\Yarn\bin;C:\Users\guido ruiz\AppData\Local\GitHubDesktop\bin;
USERNAME=guido ruiz
OS=Windows_NT
PROCESSOR_IDENTIFIER=Intel64 Family 6 Model 55 Stepping 8, GenuineIntel



---------------  S Y S T E M  ---------------

OS: Windows 10.0 , 64 bit Build 19041 (10.0.19041.804)

CPU:total 2 (initial active 2) (2 cores per cpu, 1 threads per core) family 6 model 55 stepping 8, cmov, cx8, fxsr, mmx, sse, sse2, sse3, ssse3, sse4.1, sse4.2, popcnt, clmul, erms, 3dnowpref, tsc, tscinvbit

Memory: 4k page, physical 8271216k(1738856k free), swap 17719680k(3099048k free)

vm_info: Java HotSpot(TM) 64-Bit Server VM (25.261-b12) for windows-amd64 JRE (1.8.0_261-b12), built on Jun 18 2020 06:56:32 by "" with unknown MS VC++:1916

time: Sun Mar 21 11:58:41 2021
timezone: Hora de verano de Paraguay
elapsed time: 15 seconds (0d 0h 0m 15s)

