#
# A fatal error has been detected by the Java Runtime Environment:
#
#  EXCEPTION_ACCESS_VIOLATION (0xc0000005) at pc=0x000000007110b5db, pid=8292, tid=0x0000000000001810
#
# JRE version: Java(TM) SE Runtime Environment (8.0_261-b12) (build 1.8.0_261-b12)
# Java VM: Java HotSpot(TM) 64-Bit Server VM (25.261-b12 mixed mode windows-amd64 compressed oops)
# Problematic frame:
# C  [jSSC-2.8_x86_64.dll+0xb5db]
#
# Failed to write core dump. Minidumps are not enabled by default on client versions of Windows
#
# If you would like to submit a bug report, please visit:
#   http://bugreport.java.com/bugreport/crash.jsp
# The crash happened outside the Java Virtual Machine in native code.
# See problematic frame for where to report the bug.
#

---------------  T H R E A D  ---------------

Current thread (0x000001a253bd3000):  JavaThread "AWT-EventQueue-0" [_thread_in_native, id=6160, stack(0x000000152df00000,0x000000152e000000)]

siginfo: ExceptionCode=0xc0000005, reading address 0x000000003cab1fe2

Registers:
RAX=0x000000003cab1fe2, RBX=0x000000152dffe0a0, RCX=0x00007ff84f46cdf4, RDX=0x0000000000000000
RSP=0x000000152dffe030, RBP=0x000000152dffe1b0, RSI=0x000001a253bd31f8, RDI=0x0000000000000634
R8 =0x000000152dffdf28, R9 =0x000000152dffe020, R10=0x0000000000000000, R11=0x0000000000000246
R12=0x000000152dffe268, R13=0x000001a25380bfc0, R14=0x000000152dffe160, R15=0x000001a253bd3000
RIP=0x000000007110b5db, EFLAGS=0x0000000000010206

Top of Stack: (sp=0x000000152dffe030)
0x000000152dffe030:   000001a253ebd2e0 000001a25380be60
0x000000152dffe040:   000000007110b230 000001a23c8c0000
0x000000152dffe050:   000001a23c6a0000 0000000000000004
0x000000152dffe060:   000001a253bd31f8 0000000000000634
0x000000152dffe070:   000000152dffe1b0 0000000071112590
0x000000152dffe080:   000001a253bd3000 000000152dffe160
0x000000152dffe090:   000001a25380bfc0 000000152dffe268
0x000000152dffe0a0:   000001a25380bfc0 00007ff84f3f47b1
0x000000152dffe0b0:   000000152dffe0e0 000001a23c8c0000
0x000000152dffe0c0:   000000152dffe1b0 0000000000000000
0x000000152dffe0d0:   0000000071113500 0000000071113be8
0x000000152dffe0e0:   000000152dffe110 0000000071112641
0x000000152dffe0f0:   000000152dffe080 000001a253bd31f8
0x000000152dffe100:   0000000000000000 0000000000000000
0x000000152dffe110:   000000152dffe1b0 0000000071101595
0x000000152dffe120:   000000000000001c 000001a200000000 

Instructions: (pc=0x000000007110b5db)
0x000000007110b5bb:   c5 0f 1f 40 00 55 57 56 53 48 83 ec 28 48 8b 05
0x000000007110b5cb:   39 33 01 00 48 89 cb 48 85 c0 0f 84 c5 00 00 00
0x000000007110b5db:   8b 38 85 ff 0f 88 ab 00 00 00 48 8b 05 1c 33 01
0x000000007110b5eb:   00 48 85 c0 0f 84 bc 00 00 00 8b 30 85 f6 74 57 


Register to memory mapping:

RAX=0x000000003cab1fe2 is an unknown value
RBX=0x000000152dffe0a0 is pointing into the stack for thread: 0x000001a253bd3000
RCX=0x00007ff84f46cdf4 is an unknown value
RDX=0x0000000000000000 is an unknown value
RSP=0x000000152dffe030 is pointing into the stack for thread: 0x000001a253bd3000
RBP=0x000000152dffe1b0 is pointing into the stack for thread: 0x000001a253bd3000
RSI=0x000001a253bd31f8 is an unknown value
RDI=0x0000000000000634 is an unknown value
R8 =0x000000152dffdf28 is pointing into the stack for thread: 0x000001a253bd3000
R9 =0x000000152dffe020 is pointing into the stack for thread: 0x000001a253bd3000
R10=0x0000000000000000 is an unknown value
R11=0x0000000000000246 is an unknown value
R12=0x000000152dffe268 is pointing into the stack for thread: 0x000001a253bd3000
R13=0x000001a25380bfc0 is an unknown value
R14=0x000000152dffe160 is pointing into the stack for thread: 0x000001a253bd3000
R15=0x000001a253bd3000 is a thread


Stack: [0x000000152df00000,0x000000152e000000],  sp=0x000000152dffe030,  free space=1016k
Native frames: (J=compiled Java code, j=interpreted, Vv=VM code, C=native code)
C  [jSSC-2.8_x86_64.dll+0xb5db]
C  [jSSC-2.8_x86_64.dll+0x12590]
C  [jSSC-2.8_x86_64.dll+0x1595]
C  0x000001a23e27990e

Java frames: (J=compiled Java code, j=interpreted, Vv=VM code)
j  jssc.SerialNativeInterface.openPort(Ljava/lang/String;Z)J+0
j  jssc.SerialPort.openPort()Z+65
j  com.panamahitek.PanamaHitek_Arduino.arduinoRXTX(Ljava/lang/String;ILjssc/SerialPortEventListener;)V+58
j  Vista.MonitoreoCentral.<init>()V+444
j  Vista.MonitoreoCentral$18.run()V+4
j  java.awt.event.InvocationEvent.dispatch()V+47
j  java.awt.EventQueue.dispatchEventImpl(Ljava/awt/AWTEvent;Ljava/lang/Object;)V+21
j  java.awt.EventQueue.access$500(Ljava/awt/EventQueue;Ljava/awt/AWTEvent;Ljava/lang/Object;)V+3
j  java.awt.EventQueue$3.run()Ljava/lang/Void;+32
j  java.awt.EventQueue$3.run()Ljava/lang/Object;+1
v  ~StubRoutines::call_stub
j  java.security.AccessController.doPrivileged(Ljava/security/PrivilegedAction;Ljava/security/AccessControlContext;)Ljava/lang/Object;+0
j  java.security.ProtectionDomain$JavaSecurityAccessImpl.doIntersectionPrivilege(Ljava/security/PrivilegedAction;Ljava/security/AccessControlContext;Ljava/security/AccessControlContext;)Ljava/lang/Object;+18
j  java.awt.EventQueue.dispatchEvent(Ljava/awt/AWTEvent;)V+46
j  java.awt.EventDispatchThread.pumpOneEventForFilters(I)V+140
j  java.awt.EventDispatchThread.pumpEventsForFilter(ILjava/awt/Conditional;Ljava/awt/EventFilter;)V+35
j  java.awt.EventDispatchThread.pumpEventsForHierarchy(ILjava/awt/Conditional;Ljava/awt/Component;)V+11
j  java.awt.EventDispatchThread.pumpEvents(ILjava/awt/Conditional;)V+4
j  java.awt.EventDispatchThread.pumpEvents(Ljava/awt/Conditional;)V+3
j  java.awt.EventDispatchThread.run()V+9
v  ~StubRoutines::call_stub

---------------  P R O C E S S  ---------------

Java Threads: ( => current thread )
  0x000001a253d59800 JavaThread "TimerQueue" daemon [_thread_blocked, id=13576, stack(0x000000152e300000,0x000000152e400000)]
  0x000001a253c90000 JavaThread "Image Fetcher 2" daemon [_thread_blocked, id=8976, stack(0x000000152e200000,0x000000152e300000)]
  0x000001a253c74800 JavaThread "Image Fetcher 1" daemon [_thread_blocked, id=6740, stack(0x000000152e100000,0x000000152e200000)]
  0x000001a253c55800 JavaThread "Image Fetcher 0" daemon [_thread_blocked, id=12312, stack(0x000000152e000000,0x000000152e100000)]
  0x000001a23c8f7800 JavaThread "DestroyJavaVM" [_thread_blocked, id=13020, stack(0x000000152d000000,0x000000152d100000)]
=>0x000001a253bd3000 JavaThread "AWT-EventQueue-0" [_thread_in_native, id=6160, stack(0x000000152df00000,0x000000152e000000)]
  0x000001a253bc7000 JavaThread "AWT-Windows" daemon [_thread_in_native, id=7172, stack(0x000000152de00000,0x000000152df00000)]
  0x000001a253bc0800 JavaThread "AWT-Shutdown" [_thread_blocked, id=10100, stack(0x000000152dd00000,0x000000152de00000)]
  0x000001a253bbf800 JavaThread "Java2D Disposer" daemon [_thread_blocked, id=5572, stack(0x000000152dc00000,0x000000152dd00000)]
  0x000001a252e3a000 JavaThread "Service Thread" daemon [_thread_blocked, id=13348, stack(0x000000152da00000,0x000000152db00000)]
  0x000001a252e27000 JavaThread "C1 CompilerThread1" daemon [_thread_blocked, id=5284, stack(0x000000152d900000,0x000000152da00000)]
  0x000001a252de0800 JavaThread "C2 CompilerThread0" daemon [_thread_blocked, id=13804, stack(0x000000152d800000,0x000000152d900000)]
  0x000001a252ddf800 JavaThread "Attach Listener" daemon [_thread_blocked, id=7656, stack(0x000000152d700000,0x000000152d800000)]
  0x000001a252ddd000 JavaThread "Signal Dispatcher" daemon [_thread_blocked, id=8284, stack(0x000000152d600000,0x000000152d700000)]
  0x000001a2528ea000 JavaThread "Finalizer" daemon [_thread_blocked, id=6692, stack(0x000000152d500000,0x000000152d600000)]
  0x000001a2528e1800 JavaThread "Reference Handler" daemon [_thread_blocked, id=9576, stack(0x000000152d400000,0x000000152d500000)]

Other Threads:
  0x000001a252d92000 VMThread [stack: 0x000000152d300000,0x000000152d400000] [id=9864]
  0x000001a252e4f000 WatcherThread [stack: 0x000000152db00000,0x000000152dc00000] [id=12532]

VM state:not at safepoint (normal execution)

VM Mutex/Monitor currently owned by a thread: None

heap address: 0x0000000081c00000, size: 2020 MB, Compressed Oops mode: 32-bit
Narrow klass base: 0x0000000000000000, Narrow klass shift: 3
Compressed class space size: 1073741824 Address: 0x0000000100000000

Heap:
 PSYoungGen      total 38400K, used 22734K [0x00000000d5f00000, 0x00000000d8980000, 0x0000000100000000)
  eden space 33280K, 68% used [0x00000000d5f00000,0x00000000d7533b08,0x00000000d7f80000)
  from space 5120K, 0% used [0x00000000d8480000,0x00000000d8480000,0x00000000d8980000)
  to   space 5120K, 0% used [0x00000000d7f80000,0x00000000d7f80000,0x00000000d8480000)
 ParOldGen       total 87552K, used 0K [0x0000000081c00000, 0x0000000087180000, 0x00000000d5f00000)
  object space 87552K, 0% used [0x0000000081c00000,0x0000000081c00000,0x0000000087180000)
 Metaspace       used 13390K, capacity 13644K, committed 13952K, reserved 1060864K
  class space    used 1557K, capacity 1646K, committed 1664K, reserved 1048576K

Card table byte_map: [0x000001a24d620000,0x000001a24da20000] byte_map_base: 0x000001a24d212000

Marking Bits: (ParMarkBitMap*) 0x000000006aad4fb0
 Begin Bits: [0x000001a24dcd0000, 0x000001a24fc60000)
 End Bits:   [0x000001a24fc60000, 0x000001a251bf0000)

Polling page: 0x000001a23c840000

CodeCache: size=245760Kb used=2901Kb max_used=2914Kb free=242858Kb
 bounds [0x000001a23e260000, 0x000001a23e540000, 0x000001a24d260000]
 total_blobs=1216 nmethods=749 adapters=381
 compilation: enabled

Compilation events (10 events):
Event: 2.992 Thread 0x000001a252de0800  744       4       java.util.ArrayList::rangeCheck (22 bytes)
Event: 2.992 Thread 0x000001a252e27000 nmethod 745 0x000001a23e5338d0 code [0x000001a23e533a20, 0x000001a23e533b58]
Event: 2.993 Thread 0x000001a252de0800 nmethod 744 0x000001a23e536890 code [0x000001a23e5369c0, 0x000001a23e536a38]
Event: 2.994 Thread 0x000001a252e27000  746       1       java.awt.Component::getTreeLock (4 bytes)
Event: 2.994 Thread 0x000001a252e27000 nmethod 746 0x000001a23e5365d0 code [0x000001a23e536720, 0x000001a23e536838]
Event: 2.994 Thread 0x000001a252de0800  747  s!   4       sun.misc.URLClassPath::getLoader (243 bytes)
Event: 3.007 Thread 0x000001a252e27000  749       3       java.lang.System::checkKey (34 bytes)
Event: 3.008 Thread 0x000001a252e27000 nmethod 749 0x000001a23e534a10 code [0x000001a23e534ba0, 0x000001a23e534f90]
Event: 3.008 Thread 0x000001a252de0800 nmethod 747 0x000001a23e533d10 code [0x000001a23e533e60, 0x000001a23e534658]
Event: 3.008 Thread 0x000001a252de0800  748  s    4       sun.misc.URLClassPath::getNextLoader (88 bytes)

GC Heap History (0 events):
No events

Deoptimization events (2 events):
Event: 2.042 Thread 0x000001a253bd3000 Uncommon trap: reason=unstable_if action=reinterpret pc=0x000001a23e4b14c0 method=java.lang.String.indexOf([CII[CIII)I @ 3
Event: 2.089 Thread 0x000001a253bd3000 Uncommon trap: reason=unstable_if action=reinterpret pc=0x000001a23e4d3a68 method=java.util.HashMap.getNode(ILjava/lang/Object;)Ljava/util/HashMap$Node; @ 62

Classes redefined (0 events):
No events

Internal exceptions (10 events):
Event: 0.176 Thread 0x000001a23c8f7800 Exception <a 'java/lang/NoSuchMethodError': Method sun.misc.Unsafe.defineClass(Ljava/lang/String;[BII)Ljava/lang/Class; name or signature does not match> (0x00000000d5f07cc0) thrown at [C:\jenkins\workspace\8-2-build-windows-amd64-cygwin\jdk8u261\295\hots
Event: 0.176 Thread 0x000001a23c8f7800 Exception <a 'java/lang/NoSuchMethodError': Method sun.misc.Unsafe.prefetchRead(Ljava/lang/Object;J)V name or signature does not match> (0x00000000d5f07fa8) thrown at [C:\jenkins\workspace\8-2-build-windows-amd64-cygwin\jdk8u261\295\hotspot\src\share\vm\p
Event: 0.597 Thread 0x000001a23c8f7800 Exception <a 'java/security/PrivilegedActionException'> (0x00000000d60ff4f8) thrown at [C:\jenkins\workspace\8-2-build-windows-amd64-cygwin\jdk8u261\295\hotspot\src\share\vm\prims\jvm.cpp, line 1512]
Event: 0.597 Thread 0x000001a23c8f7800 Exception <a 'java/security/PrivilegedActionException'> (0x00000000d60ff708) thrown at [C:\jenkins\workspace\8-2-build-windows-amd64-cygwin\jdk8u261\295\hotspot\src\share\vm\prims\jvm.cpp, line 1512]
Event: 0.600 Thread 0x000001a23c8f7800 Exception <a 'java/security/PrivilegedActionException'> (0x00000000d6103618) thrown at [C:\jenkins\workspace\8-2-build-windows-amd64-cygwin\jdk8u261\295\hotspot\src\share\vm\prims\jvm.cpp, line 1512]
Event: 0.600 Thread 0x000001a23c8f7800 Exception <a 'java/security/PrivilegedActionException'> (0x00000000d6103828) thrown at [C:\jenkins\workspace\8-2-build-windows-amd64-cygwin\jdk8u261\295\hotspot\src\share\vm\prims\jvm.cpp, line 1512]
Event: 0.621 Thread 0x000001a23c8f7800 Exception <a 'java/io/FileNotFoundException'> (0x00000000d610de50) thrown at [C:\jenkins\workspace\8-2-build-windows-amd64-cygwin\jdk8u261\295\hotspot\src\share\vm\prims\jni.cpp, line 710]
Event: 0.778 Thread 0x000001a23c8f7800 Exception <a 'java/lang/NoSuchFieldError': method resolution failed> (0x00000000d61de750) thrown at [C:\jenkins\workspace\8-2-build-windows-amd64-cygwin\jdk8u261\295\hotspot\src\share\vm\prims\methodHandles.cpp, line 1169]
Event: 0.797 Thread 0x000001a23c8f7800 Exception <a 'java/lang/NoSuchFieldError': method resolution failed> (0x00000000d61ebb20) thrown at [C:\jenkins\workspace\8-2-build-windows-amd64-cygwin\jdk8u261\295\hotspot\src\share\vm\prims\methodHandles.cpp, line 1169]
Event: 1.117 Thread 0x000001a253bd3000 Exception <a 'java/io/FileNotFoundException'> (0x00000000d644c5d0) thrown at [C:\jenkins\workspace\8-2-build-windows-amd64-cygwin\jdk8u261\295\hotspot\src\share\vm\prims\jni.cpp, line 710]

Events (10 events):
Event: 2.994 loading class jssc/SerialPort
Event: 2.994 loading class jssc/SerialPort done
Event: 2.997 loading class jssc/SerialPortTimeoutException
Event: 2.997 loading class jssc/SerialPortTimeoutException done
Event: 2.998 loading class jssc/SerialPort$EventThread
Event: 2.998 loading class jssc/SerialPort$EventThread done
Event: 2.999 loading class jssc/SerialPort$LinuxEventThread
Event: 2.999 loading class jssc/SerialPort$LinuxEventThread done
Event: 3.000 loading class jssc/SerialNativeInterface
Event: 3.000 loading class jssc/SerialNativeInterface done


Dynamic libraries:
0x00007ff7cbe80000 - 0x00007ff7cbec7000 	C:\Program Files\Java\jdk1.8.0_261\bin\java.exe
0x00007ff84f3d0000 - 0x00007ff84f5c5000 	C:\WINDOWS\SYSTEM32\ntdll.dll
0x00007ff84ea90000 - 0x00007ff84eb4d000 	C:\WINDOWS\System32\KERNEL32.DLL
0x00007ff84ce80000 - 0x00007ff84d149000 	C:\WINDOWS\System32\KERNELBASE.dll
0x00007ff84e1d0000 - 0x00007ff84e27c000 	C:\WINDOWS\System32\ADVAPI32.dll
0x00007ff84f020000 - 0x00007ff84f0be000 	C:\WINDOWS\System32\msvcrt.dll
0x00007ff84d4e0000 - 0x00007ff84d57c000 	C:\WINDOWS\System32\sechost.dll
0x00007ff84e0a0000 - 0x00007ff84e1cb000 	C:\WINDOWS\System32\RPCRT4.dll
0x00007ff84df00000 - 0x00007ff84e0a0000 	C:\WINDOWS\System32\USER32.dll
0x00007ff84cb70000 - 0x00007ff84cb92000 	C:\WINDOWS\System32\win32u.dll
0x00007ff84d580000 - 0x00007ff84d5aa000 	C:\WINDOWS\System32\GDI32.dll
0x00007ff84ccf0000 - 0x00007ff84cdfb000 	C:\WINDOWS\System32\gdi32full.dll
0x00007ff84cc50000 - 0x00007ff84cced000 	C:\WINDOWS\System32\msvcp_win.dll
0x00007ff84d150000 - 0x00007ff84d250000 	C:\WINDOWS\System32\ucrtbase.dll
0x00007ff8270d0000 - 0x00007ff82736a000 	C:\WINDOWS\WinSxS\amd64_microsoft.windows.common-controls_6595b64144ccf1df_6.0.19041.844_none_ca00b6081b84eb1d\COMCTL32.dll
0x00007ff84e3a0000 - 0x00007ff84e3d0000 	C:\WINDOWS\System32\IMM32.DLL
0x00007ff849840000 - 0x00007ff849855000 	C:\Program Files\Java\jdk1.8.0_261\jre\bin\vcruntime140.dll
0x00007ff834de0000 - 0x00007ff834e7b000 	C:\Program Files\Java\jdk1.8.0_261\jre\bin\msvcp140.dll
0x000000006a2e0000 - 0x000000006ab4c000 	C:\Program Files\Java\jdk1.8.0_261\jre\bin\server\jvm.dll
0x00007ff84f130000 - 0x00007ff84f138000 	C:\WINDOWS\System32\PSAPI.DLL
0x00007ff8394c0000 - 0x00007ff8394c9000 	C:\WINDOWS\SYSTEM32\WSOCK32.dll
0x00007ff84f0c0000 - 0x00007ff84f12b000 	C:\WINDOWS\System32\WS2_32.dll
0x00007ff84a230000 - 0x00007ff84a257000 	C:\WINDOWS\SYSTEM32\WINMM.dll
0x00007ff83e0f0000 - 0x00007ff83e0fa000 	C:\WINDOWS\SYSTEM32\VERSION.dll
0x00007ff84ab00000 - 0x00007ff84ab12000 	C:\WINDOWS\SYSTEM32\kernel.appcore.dll
0x00007ff84a480000 - 0x00007ff84a490000 	C:\Program Files\Java\jdk1.8.0_261\jre\bin\verify.dll
0x00007ff838e80000 - 0x00007ff838eab000 	C:\Program Files\Java\jdk1.8.0_261\jre\bin\java.dll
0x00007ff844a80000 - 0x00007ff844a98000 	C:\Program Files\Java\jdk1.8.0_261\jre\bin\zip.dll
0x00007ff84d5b0000 - 0x00007ff84dcf2000 	C:\WINDOWS\System32\SHELL32.dll
0x00007ff84ac70000 - 0x00007ff84b400000 	C:\WINDOWS\SYSTEM32\windows.storage.dll
0x00007ff84e730000 - 0x00007ff84ea85000 	C:\WINDOWS\System32\combase.dll
0x00007ff84c4b0000 - 0x00007ff84c4dc000 	C:\WINDOWS\SYSTEM32\Wldp.dll
0x00007ff84d430000 - 0x00007ff84d4de000 	C:\WINDOWS\System32\SHCORE.dll
0x00007ff84f250000 - 0x00007ff84f2a5000 	C:\WINDOWS\System32\shlwapi.dll
0x00007ff84ca50000 - 0x00007ff84ca6f000 	C:\WINDOWS\SYSTEM32\profapi.dll
0x00007ff824400000 - 0x00007ff824594000 	C:\Program Files\Java\jdk1.8.0_261\jre\bin\awt.dll
0x00007ff84e3d0000 - 0x00007ff84e49d000 	C:\WINDOWS\System32\OLEAUT32.dll
0x00007ff84a3e0000 - 0x00007ff84a470000 	C:\WINDOWS\SYSTEM32\apphelp.dll
0x00007ff84a530000 - 0x00007ff84a5ce000 	C:\WINDOWS\system32\uxtheme.dll
0x00007ff84e280000 - 0x00007ff84e395000 	C:\WINDOWS\System32\MSCTF.dll
0x00007ff84dd00000 - 0x00007ff84de2a000 	C:\WINDOWS\System32\ole32.dll
0x00007ff84ce00000 - 0x00007ff84ce80000 	C:\WINDOWS\System32\bcryptPrimitives.dll
0x00007ff84a670000 - 0x00007ff84a69f000 	C:\WINDOWS\system32\DWMAPI.DLL
0x00007ff83e510000 - 0x00007ff83e636000 	C:\WINDOWS\system32\opengl32.dll
0x00007ff845710000 - 0x00007ff84573c000 	C:\WINDOWS\SYSTEM32\GLU32.dll
0x00007ff834be0000 - 0x00007ff834c29000 	C:\Program Files\Java\jdk1.8.0_261\jre\bin\fontmanager.dll
0x00007ff841ee0000 - 0x00007ff841efc000 	C:\Program Files\Java\jdk1.8.0_261\jre\bin\net.dll
0x00007ff84c230000 - 0x00007ff84c29a000 	C:\WINDOWS\system32\mswsock.dll
0x00007ff83fb20000 - 0x00007ff83fb33000 	C:\Program Files\Java\jdk1.8.0_261\jre\bin\nio.dll
0x00007ff834b90000 - 0x00007ff834bd3000 	C:\Program Files\Java\jdk1.8.0_261\jre\bin\t2k.dll
0x00007ff8373f0000 - 0x00007ff837422000 	C:\Program Files\Java\jdk1.8.0_261\jre\bin\jpeg.dll
0x00007ff84bf60000 - 0x00007ff84c02b000 	C:\WINDOWS\SYSTEM32\DNSAPI.dll
0x00007ff84bf20000 - 0x00007ff84bf5b000 	C:\WINDOWS\SYSTEM32\IPHLPAPI.DLL
0x00007ff84ded0000 - 0x00007ff84ded8000 	C:\WINDOWS\System32\NSI.dll
0x00007ff83c630000 - 0x00007ff83c63a000 	C:\Windows\System32\rasadhlp.dll
0x00007ff83cfe0000 - 0x00007ff83d05f000 	C:\WINDOWS\System32\fwpuclnt.dll
0x00007ff84d250000 - 0x00007ff84d277000 	C:\WINDOWS\System32\bcrypt.dll
0x00007ff849af0000 - 0x00007ff849afd000 	C:\Program Files\Java\jdk1.8.0_261\jre\bin\management.dll
0x0000000071100000 - 0x0000000071125000 	C:\Users\guido ruiz\.jssc\windows\jSSC-2.8_x86_64.dll
0x00007ff83a510000 - 0x00007ff83a6f4000 	C:\WINDOWS\SYSTEM32\dbghelp.dll

VM Arguments:
jvm_args: -Dfile.encoding=UTF-8 
java_command: Vista.MonitoreoCentral
java_class_path (initial): C:\Program Files\NetBeans-12.0\netbeans\ide\modules\ext\postgresql-42.2.10.jar;C:\Users\guido ruiz\Documents\NetBeansProjects\Tesis\MonitoreoTesis\src\Librerias\barbecue-1.5-beta1.jar;C:\Users\guido ruiz\Documents\NetBeansProjects\Tesis\MonitoreoTesis\src\Librerias\barcode4j-2.1.jar;C:\Users\guido ruiz\Documents\NetBeansProjects\Tesis\MonitoreoTesis\src\Librerias\commons-beanutils-1.8.2.jar;C:\Users\guido ruiz\Documents\NetBeansProjects\Tesis\MonitoreoTesis\src\Librerias\commons-collections-3.2.1.jar;C:\Users\guido ruiz\Documents\NetBeansProjects\Tesis\MonitoreoTesis\src\Librerias\commons-digester-2.1.jar;C:\Users\guido ruiz\Documents\NetBeansProjects\Tesis\MonitoreoTesis\src\Librerias\commons-javaflow-20060411.jar;C:\Users\guido ruiz\Documents\NetBeansProjects\Tesis\MonitoreoTesis\src\Librerias\commons-logging-1.1.jar;C:\Users\guido ruiz\Documents\NetBeansProjects\Tesis\MonitoreoTesis\src\Librerias\commons-net-3.3.jar;C:\Users\guido ruiz\Documents\NetBeansProjects\Tesis\MonitoreoTesis\src\Librerias\groovy-all-2.0.1.jar;C:\Users\guido ruiz\Documents\NetBeansProjects\Tesis\MonitoreoTesis\src\Librerias\iText-2.1.7.js2.jar;C:\Users\guido ruiz\Documents\NetBeansProjects\Tesis\MonitoreoTesis\src\Librerias\jasperreports-5.6.0.jar;C:\Users\guido ruiz\Documents\NetBeansProjects\Tesis\MonitoreoTesis\src\Librerias\poi-3.7-20101029.jar;C:\Users\guido ruiz\Documents\NetBeansProjects\Tesis\MonitoreoTesis\src\Librerias\postgresql-9.1-901.jdbc4.jar;C:\Users\guido ruiz\Documents\NetBeansProjects\Tesis\MonitoreoTesis\src\Librerias\jfreechart-1.0.12.jar;C:\Users\guido ruiz\Documents\NetBeansProjects\Tesis\MonitoreoTesis\src\Librerias\jcommon-1.0.23.jar;C:\Users\guido ruiz\Downloads\uml\javamail-1.4.5\mail.jar;C:\Users\guido ruiz\Downloads\uml\activation-1.1.1.jar;C:\Users\guido ruiz\Downloads\rar\nuevo\twilio-8.3.0.jar;C:\Users\guido ruiz\Downloads\rar\nuevo\commons-codec-1.15.jar;C:\Users\guido ruiz\Downloads\rar\nuevo\commons-io-2.7.jar;C:\Users\guido r
Launcher Type: SUN_STANDARD

Environment Variables:
JAVA_HOME=C:\Program Files\OpenJDK\openjdk-8u272-b10
PATH=E:\Oracle2021\dbhomeXE\bin;C:\WINDOWS.X64_193000_db_home\bin;C:\Program Files (x86)\Common Files\Oracle\Java\javapath;C:\WINDOWS\system32;C:\WINDOWS;C:\WINDOWS\System32\Wbem;C:\WINDOWS\System32\WindowsPowerShell\v1.0\;C:\WINDOWS\System32\OpenSSH\;C:\Program Files\nodejs\node_modules\npm;C:\ProgramData\chocolatey\bin;C:\tools\php74;C:\Program Files\MySQL\MySQL Server 5.7\bin;C:\Program Files\nodejs\;C:\ProgramData\ComposerSetup\bin;C:\Users\guido ruiz\AppData\Roaming\Composer\vendor\bin;C:\Program Files\Microsoft SQL Server\Client SDK\ODBC\170\Tools\Binn\;C:\Program Files (x86)\Microsoft SQL Server\150\Tools\Binn\;C:\Program Files\Microsoft SQL Server\150\Tools\Binn\;C:\Program Files\Microsoft SQL Server\150\DTS\Binn\;C:\Program Files (x86)\Microsoft SQL Server\150\DTS\Binn\;C:\Program Files\OpenJDK\openjdk-8u272-b10\bin;C:\Users\guido ruiz\AppData\Local\Android\Sdk\platform-tools;C:\Program Files (x86)\Yarn\bin\;C:\Program Files\Git\cmd;C:\Program Files\MySQL\MySQL Shell 8.0\bin\;C:\Users\guido ruiz\AppData\Local\Microsoft\WindowsApps;C:\Users\guido ruiz\AppData\Local\Programs\Microsoft VS Code\bin;C:\src\flutter\bin;C:\Program Files\nodejs\node_modules\npm;C:\Users\guido ruiz\AppData\Roaming\npm;C:\Users\guido ruiz\AppData\Roaming\Composer\vendor\bin;C:\Users\guido ruiz\AppData\Local\Yarn\bin;C:\Users\guido ruiz\AppData\Local\GitHubDesktop\bin;
USERNAME=guido ruiz
OS=Windows_NT
PROCESSOR_IDENTIFIER=Intel64 Family 6 Model 55 Stepping 8, GenuineIntel



---------------  S Y S T E M  ---------------

OS: Windows 10.0 , 64 bit Build 19041 (10.0.19041.804)

CPU:total 2 (initial active 2) (2 cores per cpu, 1 threads per core) family 6 model 55 stepping 8, cmov, cx8, fxsr, mmx, sse, sse2, sse3, ssse3, sse4.1, sse4.2, popcnt, clmul, erms, 3dnowpref, tsc, tscinvbit

Memory: 4k page, physical 8271216k(1775948k free), swap 17719680k(3117468k free)

vm_info: Java HotSpot(TM) 64-Bit Server VM (25.261-b12) for windows-amd64 JRE (1.8.0_261-b12), built on Jun 18 2020 06:56:32 by "" with unknown MS VC++:1916

time: Sun Mar 21 11:59:27 2021
timezone: Hora de verano de Paraguay
elapsed time: 3 seconds (0d 0h 0m 3s)

